<?xml version="1.0" encoding="UTF-8"?>
<testng-results total="1" passed="1" failed="0" skipped="0">
  <reporter-output>
  </reporter-output>
  <suite started-at="2023-08-04T10:23:25Z" name="Default suite" finished-at="2023-08-04T10:24:01Z" duration-ms="36038">
    <groups>
    </groups>
    <test started-at="2023-08-04T10:23:25Z" name="Default test" finished-at="2023-08-04T10:24:01Z" duration-ms="36038">
      <class name="scenarios.Tricentis_ProductTest">
        <test-method is-config="true" signature="startTest(org.testng.ITestContext)[pri:0, instance:[Tricentis_ProductTest passed=0 failed=0 skipped=0]]" started-at="2023-08-04T18:23:25Z" name="startTest" finished-at="2023-08-04T18:23:33Z" duration-ms="8378" status="PASS">
          <params>
            <param index="0">
              <value>
                <![CDATA[org.testng.TestRunner@7e12d310]]>
              </value>
            </param>
          </params>
          <reporter-output>
          </reporter-output>
        </test-method> <!-- startTest -->
        <test-method signature="testScenario()[pri:0, instance:[Tricentis_ProductTest passed=0 failed=0 skipped=0]]" started-at="2023-08-04T18:23:33Z" name="testScenario" finished-at="2023-08-04T18:24:00Z" duration-ms="26784" status="PASS">
          <reporter-output>
          </reporter-output>
        </test-method> <!-- testScenario -->
        <test-method is-config="true" signature="endTest(org.testng.ITestContext)[pri:0, instance:[Tricentis_ProductTest passed=0 failed=0 skipped=0]]" started-at="2023-08-04T18:24:00Z" name="endTest" finished-at="2023-08-04T18:24:01Z" duration-ms="509" status="PASS">
          <params>
            <param index="0">
              <value>
                <![CDATA[org.testng.TestRunner@7e12d310]]>
              </value>
            </param>
          </params>
          <reporter-output>
          </reporter-output>
        </test-method> <!-- endTest -->
      </class> <!-- scenarios.Tricentis_ProductTest -->
    </test> <!-- Default test -->
  </suite> <!-- Default suite -->
</testng-results>
