<?xml version="1.0" encoding="UTF-8"?>
<testng-results ignored="0" total="1" passed="1" failed="0" skipped="0">
  <reporter-output>
  </reporter-output>
  <suite started-at="2023-10-13T07:23:22Z" name="Default suite" finished-at="2023-10-13T07:23:49Z" duration-ms="26817">
    <groups>
    </groups>
    <test started-at="2023-10-13T07:23:22Z" name="Default test" finished-at="2023-10-13T07:23:49Z" duration-ms="26817">
      <class name="scenarios.Guru99_ValidLogin">
        <test-method is-config="true" signature="startTest(org.testng.ITestContext)[pri:0, instance:[Guru99_ValidLogin passed=0 failed=0 skipped=0]]" started-at="2023-10-13T15:23:22Z" name="startTest" finished-at="2023-10-13T15:23:33Z" duration-ms="10596" status="PASS">
          <params>
            <param index="0">
              <value>
                <![CDATA[org.testng.TestRunner@39403943]]>
              </value>
            </param>
          </params>
          <reporter-output>
          </reporter-output>
        </test-method> <!-- startTest -->
        <test-method signature="testScenario()[pri:0, instance:[Guru99_ValidLogin passed=0 failed=0 skipped=0]]" started-at="2023-10-13T15:23:33Z" name="testScenario" finished-at="2023-10-13T15:23:48Z" duration-ms="14784" status="PASS">
          <reporter-output>
          </reporter-output>
        </test-method> <!-- testScenario -->
        <test-method is-config="true" signature="endTest(org.testng.ITestContext)[pri:0, instance:[Guru99_ValidLogin passed=0 failed=0 skipped=0]]" started-at="2023-10-13T15:23:49Z" name="endTest" finished-at="2023-10-13T15:23:49Z" duration-ms="645" status="PASS">
          <params>
            <param index="0">
              <value>
                <![CDATA[org.testng.TestRunner@39403943]]>
              </value>
            </param>
          </params>
          <reporter-output>
          </reporter-output>
        </test-method> <!-- endTest -->
      </class> <!-- scenarios.Guru99_ValidLogin -->
    </test> <!-- Default test -->
  </suite> <!-- Default suite -->
</testng-results>
